<?xml version="1.0" encoding="UTF-8"?>
<!-- Generated by org.testng.reporters.JUnitXMLReporter -->
<testsuite ignored="0" hostname="siva_acharya" failures="1" tests="5" name="Add Employee Test" time="8.869" errors="0" timestamp="2023-05-20T07:15:26 IST">
  <testcase classname="com.baseTest.AddEmployeeTest" name="oHRMApplicationLogInPageValidationTest" time="2.643"/>
  <testcase classname="com.baseTest.AddEmployeeTest" name="oHRMApplicationHomePageAdminTest" time="0.159"/>
  <testcase classname="com.baseTest.AddEmployeeTest" name="oHRMApplicationHomePagePIMTest" time="0.198"/>
  <testcase classname="com.baseTest.AddEmployeeTest" name="oHRMApplicationHomePageAddEmployeeTest" time="1.036"/>
  <testcase classname="com.baseTest.AddEmployeeTest" name="oHRMApplicationHomePageAddEmployeeValidationTest" time="0.472">
    <failure type="java.io.IOException" message="Cannot run program &amp;quot;\Users\shiva&amp;quot;: CreateProcess error=2, The system cannot find the file specified">
      <![CDATA[java.io.IOException: Cannot run program "\Users\shiva": CreateProcess error=2, The system cannot find the file specified
at java.base/java.lang.ProcessBuilder.start(ProcessBuilder.java:1143)
at java.base/java.lang.ProcessBuilder.start(ProcessBuilder.java:1073)
at java.base/java.lang.Runtime.exec(Runtime.java:594)
at java.base/java.lang.Runtime.exec(Runtime.java:418)
at java.base/java.lang.Runtime.exec(Runtime.java:315)
at com.baseTest.AddEmployeeTest.oHRMApplicationHomePageAddEmployeeValidationTest(AddEmployeeTest.java:247)
at java.base/java.util.ArrayList.forEach(ArrayList.java:1511)
Caused by: java.io.IOException: CreateProcess error=2, The system cannot find the file specified
at java.base/java.lang.ProcessImpl.create(Native Method)
at java.base/java.lang.ProcessImpl.<init>(ProcessImpl.java:499)
at java.base/java.lang.ProcessImpl.start(ProcessImpl.java:158)
at java.base/java.lang.ProcessBuilder.start(ProcessBuilder.java:1110)
... 33 more
... Removed 27 stack frames]]>
    </failure>
  </testcase> <!-- oHRMApplicationHomePageAddEmployeeValidationTest -->
</testsuite> <!-- Add Employee Test -->
